<?xml version="1.0" encoding="UTF-8" ?>
<testsuite tests="5" failures="0" name="Joust.AuthorizationTest" time="175.779" errors="4" skipped="0">
  <properties>
    <property name="java.runtime.name" value="Java(TM) SE Runtime Environment"/>
    <property name="sun.boot.library.path" value="C:\Program Files\Java\jdk1.8.0_25\jre\bin"/>
    <property name="java.vm.version" value="25.25-b02"/>
    <property name="java.vm.vendor" value="Oracle Corporation"/>
    <property name="java.vendor.url" value="http://java.oracle.com/"/>
    <property name="path.separator" value=";"/>
    <property name="guice.disable.misplaced.annotation.check" value="true"/>
    <property name="java.vm.name" value="Java HotSpot(TM) 64-Bit Server VM"/>
    <property name="file.encoding.pkg" value="sun.io"/>
    <property name="user.script" value=""/>
    <property name="user.country" value="US"/>
    <property name="sun.java.launcher" value="SUN_STANDARD"/>
    <property name="sun.os.patch.level" value="Service Pack 1"/>
    <property name="java.vm.specification.name" value="Java Virtual Machine Specification"/>
    <property name="user.dir" value="C:\Projects\Joust"/>
    <property name="java.runtime.version" value="1.8.0_25-b18"/>
    <property name="java.awt.graphicsenv" value="sun.awt.Win32GraphicsEnvironment"/>
    <property name="java.endorsed.dirs" value="C:\Program Files\Java\jdk1.8.0_25\jre\lib\endorsed"/>
    <property name="os.arch" value="amd64"/>
    <property name="java.io.tmpdir" value="C:\Users\zhanna\AppData\Local\Temp\"/>
    <property name="line.separator" value="
"/>
    <property name="java.vm.specification.vendor" value="Oracle Corporation"/>
    <property name="user.variant" value=""/>
    <property name="os.name" value="Windows 7"/>
    <property name="classworlds.conf" value="c:\mvn-3.2.3\bin\..\bin\m2.conf"/>
    <property name="sun.jnu.encoding" value="Cp1252"/>
    <property name="java.library.path" value="C:\Program Files\Java\jdk1.8.0_25\bin;C:\Windows\Sun\Java\bin;C:\Windows\system32;C:\Windows;C:\ProgramData\Oracle\Java\javapath;C:\Program Files\Broadcom\Broadcom 802.11 Network Adapter\Driver;;C:\Windows\system32;C:\Windows;C:\Windows\System32\Wbem;C:\Windows\System32\WindowsPowerShell\v1.0\;C:\Program Files\Lenovo\Bluetooth Software\;C:\Program Files\Lenovo\Bluetooth Software\syswow64;C:\Program Files\Java\jdk1.8.0_25\bin;C:\ant\bin;c:\mvn-3.2.3\bin;;."/>
    <property name="java.specification.name" value="Java Platform API Specification"/>
    <property name="java.class.version" value="52.0"/>
    <property name="sun.management.compiler" value="HotSpot 64-Bit Tiered Compilers"/>
    <property name="os.version" value="6.1"/>
    <property name="user.home" value="C:\Users\zhanna"/>
    <property name="user.timezone" value="Europe/Helsinki"/>
    <property name="java.awt.printerjob" value="sun.awt.windows.WPrinterJob"/>
    <property name="java.specification.version" value="1.8"/>
    <property name="file.encoding" value="Cp1252"/>
    <property name="user.name" value="zhanna"/>
    <property name="java.class.path" value="c:\mvn-3.2.3\bin\..\boot\plexus-classworlds-2.5.1.jar"/>
    <property name="java.vm.specification.version" value="1.8"/>
    <property name="sun.arch.data.model" value="64"/>
    <property name="java.home" value="C:\Program Files\Java\jdk1.8.0_25\jre"/>
    <property name="sun.java.command" value="org.codehaus.plexus.classworlds.launcher.Launcher clean test thucydides:aggregate"/>
    <property name="java.specification.vendor" value="Oracle Corporation"/>
    <property name="user.language" value="en"/>
    <property name="awt.toolkit" value="sun.awt.windows.WToolkit"/>
    <property name="java.vm.info" value="mixed mode"/>
    <property name="java.version" value="1.8.0_25"/>
    <property name="java.ext.dirs" value="C:\Program Files\Java\jdk1.8.0_25\jre\lib\ext;C:\Windows\Sun\Java\lib\ext"/>
    <property name="sun.boot.class.path" value="C:\Program Files\Java\jdk1.8.0_25\jre\lib\resources.jar;C:\Program Files\Java\jdk1.8.0_25\jre\lib\rt.jar;C:\Program Files\Java\jdk1.8.0_25\jre\lib\sunrsasign.jar;C:\Program Files\Java\jdk1.8.0_25\jre\lib\jsse.jar;C:\Program Files\Java\jdk1.8.0_25\jre\lib\jce.jar;C:\Program Files\Java\jdk1.8.0_25\jre\lib\charsets.jar;C:\Program Files\Java\jdk1.8.0_25\jre\lib\jfr.jar;C:\Program Files\Java\jdk1.8.0_25\jre\classes"/>
    <property name="sun.stderr.encoding" value="cp437"/>
    <property name="java.vendor" value="Oracle Corporation"/>
    <property name="maven.home" value="c:\mvn-3.2.3\bin\.."/>
    <property name="file.separator" value="\"/>
    <property name="java.vendor.url.bug" value="http://bugreport.sun.com/bugreport/"/>
    <property name="sun.cpu.endian" value="little"/>
    <property name="sun.io.unicode.encoding" value="UnicodeLittle"/>
    <property name="sun.stdout.encoding" value="cp437"/>
    <property name="sun.desktop" value="windows"/>
    <property name="sun.cpu.isalist" value="amd64"/>
  </properties>
  <testcase classname="Joust.AuthorizationTest" name="sign_up_via_facebook" time="43.93"/>
  <testcase classname="Joust.AuthorizationTest" name="sign_up_with_email" time="33.36">
    <error message="Timed out after 30 seconds waiting for net.thucydides.core.pages.WebElementFacadeImpl$4@24f360b2
Build info: version: &apos;2.43.1&apos;, revision: &apos;5163bceef1bc36d43f3dc0b83c88998168a363a0&apos;, time: &apos;2014-09-10 09:43:55&apos;
System info: host: &apos;zhanna-laptop&apos;, ip: &apos;10.1.7.222&apos;, os.name: &apos;Windows 7&apos;, os.arch: &apos;amd64&apos;, os.version: &apos;6.1&apos;, java.version: &apos;1.8.0_25&apos;
Driver info: driver.version: unknown
Build info: version: &apos;2.43.1&apos;, revision: &apos;5163bceef1bc36d43f3dc0b83c88998168a363a0&apos;, time: &apos;2014-09-10 09:43:55&apos;
System info: host: &apos;zhanna-laptop&apos;, ip: &apos;10.1.7.222&apos;, os.name: &apos;Windows 7&apos;, os.arch: &apos;amd64&apos;, os.version: &apos;6.1&apos;, java.version: &apos;1.8.0_25&apos;
Driver info: driver.version: unknown" type="org.openqa.selenium.TimeoutException">org.openqa.selenium.TimeoutException: Timed out after 30 seconds waiting for net.thucydides.core.pages.WebElementFacadeImpl$4@24f360b2
Build info: version: &apos;2.43.1&apos;, revision: &apos;5163bceef1bc36d43f3dc0b83c88998168a363a0&apos;, time: &apos;2014-09-10 09:43:55&apos;
System info: host: &apos;zhanna-laptop&apos;, ip: &apos;10.1.7.222&apos;, os.name: &apos;Windows 7&apos;, os.arch: &apos;amd64&apos;, os.version: &apos;6.1&apos;, java.version: &apos;1.8.0_25&apos;
Driver info: driver.version: unknown
Build info: version: &apos;2.43.1&apos;, revision: &apos;5163bceef1bc36d43f3dc0b83c88998168a363a0&apos;, time: &apos;2014-09-10 09:43:55&apos;
System info: host: &apos;zhanna-laptop&apos;, ip: &apos;10.1.7.222&apos;, os.name: &apos;Windows 7&apos;, os.arch: &apos;amd64&apos;, os.version: &apos;6.1&apos;, java.version: &apos;1.8.0_25&apos;
Driver info: driver.version: unknown
	at com.sun.proxy.$Proxy18.type(Unknown Source)
	at Joust.pages.SignUpPage.enter_email(SignUpPage.java:75)
	at Joust.steps.EndUserSteps.enters_users_credentials(EndUserSteps.java:78)
	at Joust.AuthorizationTest.sign_up_with_email(AuthorizationTest.java:69)
</error>
    <system-out>org.openqa.selenium.TimeoutException: Timed out after 30 seconds waiting for net.thucydides.core.pages.WebElementFacadeImpl$4@24f360b2
Build info: version: &apos;2.43.1&apos;, revision: &apos;5163bceef1bc36d43f3dc0b83c88998168a363a0&apos;, time: &apos;2014-09-10 09:43:55&apos;
System info: host: &apos;zhanna-laptop&apos;, ip: &apos;10.1.7.222&apos;, os.name: &apos;Windows 7&apos;, os.arch: &apos;amd64&apos;, os.version: &apos;6.1&apos;, java.version: &apos;1.8.0_25&apos;
Driver info: driver.version: unknown
Build info: version: &apos;2.43.1&apos;, revision: &apos;5163bceef1bc36d43f3dc0b83c88998168a363a0&apos;, time: &apos;2014-09-10 09:43:55&apos;
System info: host: &apos;zhanna-laptop&apos;, ip: &apos;10.1.7.222&apos;, os.name: &apos;Windows 7&apos;, os.arch: &apos;amd64&apos;, os.version: &apos;6.1&apos;, java.version: &apos;1.8.0_25&apos;
Driver info: driver.version: unknown
</system-out>
    <system-err>44288 [main] INFO net.thucydides.core.Thucydides - Test Suite Started: Authorization test
44303 [main] INFO net.thucydides.core.Thucydides - 
  _____ _____ ____ _____   ____ _____  _    ____ _____ _____ ____  
 |_   _| ____/ ___|_   _| / ___|_   _|/ \  |  _ \_   _| ____|  _ \ 
   | | |  _| \___ \ | |   \___ \ | | / _ \ | |_) || | |  _| | | | |
   | | | |___ ___) || |    ___) || |/ ___ \|  _ &lt; | | | |___| |_| |
   |_| |_____|____/ |_|   |____/ |_/_/   \_\_| \_\|_| |_____|____/ 
                                                                   

TEST STARTED: sign_up_with_email
--------------------------------------------------------------------
44303 [main] INFO net.thucydides.core.Thucydides - TEST NUMBER: 2
44791 [main] INFO net.thucydides.core.steps.StepInterceptor - STARTING STEP: is_the_sign_up_page
46708 [main] INFO net.thucydides.core.steps.StepInterceptor - STEP DONE: is_the_sign_up_page
46769 [main] INFO net.thucydides.core.steps.StepInterceptor - STARTING STEP: enters_users_credentials
77481 [main] INFO net.thucydides.core.steps.StepInterceptor - STEP FAILED: enters_users_credentials - Expected enabled element was not enabled
Build info: version: &apos;2.43.1&apos;, revision: &apos;5163bceef1bc36d43f3dc0b83c88998168a363a0&apos;, time: &apos;2014-09-10 09:43:55&apos;
System info: host: &apos;zhanna-laptop&apos;, ip: &apos;10.1.7.222&apos;, os.name: &apos;Windows 7&apos;, os.arch: &apos;amd64&apos;, os.version: &apos;6.1&apos;, java.version: &apos;1.8.0_25&apos;
Driver info: driver.version: unknown
77560 [main] INFO net.thucydides.core.steps.StepInterceptor - SKIPPED STEP: enters_first_last_names
77606 [main] INFO net.thucydides.core.steps.StepInterceptor - SKIPPED STEP: should_be_logged_in
</system-err>
  </testcase>
  <testcase classname="Joust.AuthorizationTest" name="log_in_via_email" time="33.476">
    <error message="Timed out after 30 seconds waiting for net.thucydides.core.pages.WebElementFacadeImpl$4@2ca47471
Build info: version: &apos;2.43.1&apos;, revision: &apos;5163bceef1bc36d43f3dc0b83c88998168a363a0&apos;, time: &apos;2014-09-10 09:43:55&apos;
System info: host: &apos;zhanna-laptop&apos;, ip: &apos;10.1.7.222&apos;, os.name: &apos;Windows 7&apos;, os.arch: &apos;amd64&apos;, os.version: &apos;6.1&apos;, java.version: &apos;1.8.0_25&apos;
Driver info: driver.version: unknown
Build info: version: &apos;2.43.1&apos;, revision: &apos;5163bceef1bc36d43f3dc0b83c88998168a363a0&apos;, time: &apos;2014-09-10 09:43:55&apos;
System info: host: &apos;zhanna-laptop&apos;, ip: &apos;10.1.7.222&apos;, os.name: &apos;Windows 7&apos;, os.arch: &apos;amd64&apos;, os.version: &apos;6.1&apos;, java.version: &apos;1.8.0_25&apos;
Driver info: driver.version: unknown" type="org.openqa.selenium.TimeoutException">org.openqa.selenium.TimeoutException: Timed out after 30 seconds waiting for net.thucydides.core.pages.WebElementFacadeImpl$4@2ca47471
Build info: version: &apos;2.43.1&apos;, revision: &apos;5163bceef1bc36d43f3dc0b83c88998168a363a0&apos;, time: &apos;2014-09-10 09:43:55&apos;
System info: host: &apos;zhanna-laptop&apos;, ip: &apos;10.1.7.222&apos;, os.name: &apos;Windows 7&apos;, os.arch: &apos;amd64&apos;, os.version: &apos;6.1&apos;, java.version: &apos;1.8.0_25&apos;
Driver info: driver.version: unknown
Build info: version: &apos;2.43.1&apos;, revision: &apos;5163bceef1bc36d43f3dc0b83c88998168a363a0&apos;, time: &apos;2014-09-10 09:43:55&apos;
System info: host: &apos;zhanna-laptop&apos;, ip: &apos;10.1.7.222&apos;, os.name: &apos;Windows 7&apos;, os.arch: &apos;amd64&apos;, os.version: &apos;6.1&apos;, java.version: &apos;1.8.0_25&apos;
Driver info: driver.version: unknown
	at com.sun.proxy.$Proxy18.type(Unknown Source)
	at Joust.pages.LoginPage.enter_username(LoginPage.java:33)
	at Joust.steps.EndUserSteps.logs_in(EndUserSteps.java:31)
	at Joust.AuthorizationTest.log_in_via_email(AuthorizationTest.java:38)
</error>
    <system-out>org.openqa.selenium.TimeoutException: Timed out after 30 seconds waiting for net.thucydides.core.pages.WebElementFacadeImpl$4@2ca47471
Build info: version: &apos;2.43.1&apos;, revision: &apos;5163bceef1bc36d43f3dc0b83c88998168a363a0&apos;, time: &apos;2014-09-10 09:43:55&apos;
System info: host: &apos;zhanna-laptop&apos;, ip: &apos;10.1.7.222&apos;, os.name: &apos;Windows 7&apos;, os.arch: &apos;amd64&apos;, os.version: &apos;6.1&apos;, java.version: &apos;1.8.0_25&apos;
Driver info: driver.version: unknown
Build info: version: &apos;2.43.1&apos;, revision: &apos;5163bceef1bc36d43f3dc0b83c88998168a363a0&apos;, time: &apos;2014-09-10 09:43:55&apos;
System info: host: &apos;zhanna-laptop&apos;, ip: &apos;10.1.7.222&apos;, os.name: &apos;Windows 7&apos;, os.arch: &apos;amd64&apos;, os.version: &apos;6.1&apos;, java.version: &apos;1.8.0_25&apos;
Driver info: driver.version: unknown
</system-out>
    <system-err>77638 [main] INFO net.thucydides.core.Thucydides - Test Suite Started: Authorization test
77638 [main] INFO net.thucydides.core.Thucydides - 
  _____ _____ ____ _____   ____ _____  _    ____ _____ _____ ____  
 |_   _| ____/ ___|_   _| / ___|_   _|/ \  |  _ \_   _| ____|  _ \ 
   | | |  _| \___ \ | |   \___ \ | | / _ \ | |_) || | |  _| | | | |
   | | | |___ ___) || |    ___) || |/ ___ \|  _ &lt; | | | |___| |_| |
   |_| |_____|____/ |_|   |____/ |_/_/   \_\_| \_\|_| |_____|____/ 
                                                                   

TEST STARTED: log_in_via_email
--------------------------------------------------------------------
77638 [main] INFO net.thucydides.core.Thucydides - TEST NUMBER: 3
78066 [main] INFO net.thucydides.core.steps.StepInterceptor - STARTING STEP: is_the_login_page
80768 [main] INFO net.thucydides.core.steps.StepInterceptor - STEP DONE: is_the_login_page
80868 [main] INFO net.thucydides.core.steps.StepInterceptor - STARTING STEP: logs_in
111122 [main] INFO net.thucydides.core.steps.StepInterceptor - STEP FAILED: logs_in - Expected enabled element was not enabled
Build info: version: &apos;2.43.1&apos;, revision: &apos;5163bceef1bc36d43f3dc0b83c88998168a363a0&apos;, time: &apos;2014-09-10 09:43:55&apos;
System info: host: &apos;zhanna-laptop&apos;, ip: &apos;10.1.7.222&apos;, os.name: &apos;Windows 7&apos;, os.arch: &apos;amd64&apos;, os.version: &apos;6.1&apos;, java.version: &apos;1.8.0_25&apos;
Driver info: driver.version: unknown
111125 [main] INFO net.thucydides.core.steps.StepInterceptor - SKIPPED STEP: should_be_logged_in
</system-err>
  </testcase>
  <testcase classname="Joust.AuthorizationTest" name="sign_up_as_guest" time="31.87">
    <error message="Timed out after 30 seconds waiting for net.thucydides.core.pages.WebElementFacadeImpl$4@5bbc9f97
Build info: version: &apos;2.43.1&apos;, revision: &apos;5163bceef1bc36d43f3dc0b83c88998168a363a0&apos;, time: &apos;2014-09-10 09:43:55&apos;
System info: host: &apos;zhanna-laptop&apos;, ip: &apos;10.1.7.222&apos;, os.name: &apos;Windows 7&apos;, os.arch: &apos;amd64&apos;, os.version: &apos;6.1&apos;, java.version: &apos;1.8.0_25&apos;
Driver info: driver.version: unknown
Build info: version: &apos;2.43.1&apos;, revision: &apos;5163bceef1bc36d43f3dc0b83c88998168a363a0&apos;, time: &apos;2014-09-10 09:43:55&apos;
System info: host: &apos;zhanna-laptop&apos;, ip: &apos;10.1.7.222&apos;, os.name: &apos;Windows 7&apos;, os.arch: &apos;amd64&apos;, os.version: &apos;6.1&apos;, java.version: &apos;1.8.0_25&apos;
Driver info: driver.version: unknown" type="org.openqa.selenium.TimeoutException">org.openqa.selenium.TimeoutException: Timed out after 30 seconds waiting for net.thucydides.core.pages.WebElementFacadeImpl$4@5bbc9f97
Build info: version: &apos;2.43.1&apos;, revision: &apos;5163bceef1bc36d43f3dc0b83c88998168a363a0&apos;, time: &apos;2014-09-10 09:43:55&apos;
System info: host: &apos;zhanna-laptop&apos;, ip: &apos;10.1.7.222&apos;, os.name: &apos;Windows 7&apos;, os.arch: &apos;amd64&apos;, os.version: &apos;6.1&apos;, java.version: &apos;1.8.0_25&apos;
Driver info: driver.version: unknown
Build info: version: &apos;2.43.1&apos;, revision: &apos;5163bceef1bc36d43f3dc0b83c88998168a363a0&apos;, time: &apos;2014-09-10 09:43:55&apos;
System info: host: &apos;zhanna-laptop&apos;, ip: &apos;10.1.7.222&apos;, os.name: &apos;Windows 7&apos;, os.arch: &apos;amd64&apos;, os.version: &apos;6.1&apos;, java.version: &apos;1.8.0_25&apos;
Driver info: driver.version: unknown
	at com.sun.proxy.$Proxy18.click(Unknown Source)
	at Joust.pages.SignUpPage.click_on_guest_mode_link(SignUpPage.java:52)
	at Joust.steps.EndUserSteps.signs_up_as_guest(EndUserSteps.java:56)
	at Joust.AuthorizationTest.sign_up_as_guest(AuthorizationTest.java:46)
</error>
    <system-out>org.openqa.selenium.TimeoutException: Timed out after 30 seconds waiting for net.thucydides.core.pages.WebElementFacadeImpl$4@5bbc9f97
Build info: version: &apos;2.43.1&apos;, revision: &apos;5163bceef1bc36d43f3dc0b83c88998168a363a0&apos;, time: &apos;2014-09-10 09:43:55&apos;
System info: host: &apos;zhanna-laptop&apos;, ip: &apos;10.1.7.222&apos;, os.name: &apos;Windows 7&apos;, os.arch: &apos;amd64&apos;, os.version: &apos;6.1&apos;, java.version: &apos;1.8.0_25&apos;
Driver info: driver.version: unknown
Build info: version: &apos;2.43.1&apos;, revision: &apos;5163bceef1bc36d43f3dc0b83c88998168a363a0&apos;, time: &apos;2014-09-10 09:43:55&apos;
System info: host: &apos;zhanna-laptop&apos;, ip: &apos;10.1.7.222&apos;, os.name: &apos;Windows 7&apos;, os.arch: &apos;amd64&apos;, os.version: &apos;6.1&apos;, java.version: &apos;1.8.0_25&apos;
Driver info: driver.version: unknown
</system-out>
    <system-err>111142 [main] INFO net.thucydides.core.Thucydides - Test Suite Started: Authorization test
111143 [main] INFO net.thucydides.core.Thucydides - 
  _____ _____ ____ _____   ____ _____  _    ____ _____ _____ ____  
 |_   _| ____/ ___|_   _| / ___|_   _|/ \  |  _ \_   _| ____|  _ \ 
   | | |  _| \___ \ | |   \___ \ | | / _ \ | |_) || | |  _| | | | |
   | | | |___ ___) || |    ___) || |/ ___ \|  _ &lt; | | | |___| |_| |
   |_| |_____|____/ |_|   |____/ |_/_/   \_\_| \_\|_| |_____|____/ 
                                                                   

TEST STARTED: sign_up_as_guest
--------------------------------------------------------------------
111143 [main] INFO net.thucydides.core.Thucydides - TEST NUMBER: 4
111218 [main] INFO net.thucydides.core.steps.StepInterceptor - STARTING STEP: is_the_sign_up_page
112439 [main] INFO net.thucydides.core.steps.StepInterceptor - STEP DONE: is_the_sign_up_page
112524 [main] INFO net.thucydides.core.steps.StepInterceptor - STARTING STEP: signs_up_as_guest
142995 [main] INFO net.thucydides.core.steps.StepInterceptor - STEP FAILED: signs_up_as_guest - Expected enabled element was not enabled
Build info: version: &apos;2.43.1&apos;, revision: &apos;5163bceef1bc36d43f3dc0b83c88998168a363a0&apos;, time: &apos;2014-09-10 09:43:55&apos;
System info: host: &apos;zhanna-laptop&apos;, ip: &apos;10.1.7.222&apos;, os.name: &apos;Windows 7&apos;, os.arch: &apos;amd64&apos;, os.version: &apos;6.1&apos;, java.version: &apos;1.8.0_25&apos;
Driver info: driver.version: unknown
142999 [main] INFO net.thucydides.core.steps.StepInterceptor - SKIPPED STEP: should_be_logged_in
</system-err>
  </testcase>
  <testcase classname="Joust.AuthorizationTest" name="sign_up_via_fb_from_banner" time="33.143">
    <error message="Timed out after 30 seconds waiting for net.thucydides.core.pages.WebElementFacadeImpl$4@2c444798
Build info: version: &apos;2.43.1&apos;, revision: &apos;5163bceef1bc36d43f3dc0b83c88998168a363a0&apos;, time: &apos;2014-09-10 09:43:55&apos;
System info: host: &apos;zhanna-laptop&apos;, ip: &apos;10.1.7.222&apos;, os.name: &apos;Windows 7&apos;, os.arch: &apos;amd64&apos;, os.version: &apos;6.1&apos;, java.version: &apos;1.8.0_25&apos;
Driver info: driver.version: unknown
Build info: version: &apos;2.43.1&apos;, revision: &apos;5163bceef1bc36d43f3dc0b83c88998168a363a0&apos;, time: &apos;2014-09-10 09:43:55&apos;
System info: host: &apos;zhanna-laptop&apos;, ip: &apos;10.1.7.222&apos;, os.name: &apos;Windows 7&apos;, os.arch: &apos;amd64&apos;, os.version: &apos;6.1&apos;, java.version: &apos;1.8.0_25&apos;
Driver info: driver.version: unknown" type="org.openqa.selenium.TimeoutException">org.openqa.selenium.TimeoutException: Timed out after 30 seconds waiting for net.thucydides.core.pages.WebElementFacadeImpl$4@2c444798
Build info: version: &apos;2.43.1&apos;, revision: &apos;5163bceef1bc36d43f3dc0b83c88998168a363a0&apos;, time: &apos;2014-09-10 09:43:55&apos;
System info: host: &apos;zhanna-laptop&apos;, ip: &apos;10.1.7.222&apos;, os.name: &apos;Windows 7&apos;, os.arch: &apos;amd64&apos;, os.version: &apos;6.1&apos;, java.version: &apos;1.8.0_25&apos;
Driver info: driver.version: unknown
Build info: version: &apos;2.43.1&apos;, revision: &apos;5163bceef1bc36d43f3dc0b83c88998168a363a0&apos;, time: &apos;2014-09-10 09:43:55&apos;
System info: host: &apos;zhanna-laptop&apos;, ip: &apos;10.1.7.222&apos;, os.name: &apos;Windows 7&apos;, os.arch: &apos;amd64&apos;, os.version: &apos;6.1&apos;, java.version: &apos;1.8.0_25&apos;
Driver info: driver.version: unknown
	at com.sun.proxy.$Proxy18.click(Unknown Source)
	at Joust.pages.SignUpPage.click_on_guest_mode_link(SignUpPage.java:52)
	at Joust.steps.EndUserSteps.signs_up_as_guest(EndUserSteps.java:56)
	at Joust.AuthorizationTest.sign_up_via_fb_from_banner(AuthorizationTest.java:61)
</error>
    <system-out>org.openqa.selenium.TimeoutException: Timed out after 30 seconds waiting for net.thucydides.core.pages.WebElementFacadeImpl$4@2c444798
Build info: version: &apos;2.43.1&apos;, revision: &apos;5163bceef1bc36d43f3dc0b83c88998168a363a0&apos;, time: &apos;2014-09-10 09:43:55&apos;
System info: host: &apos;zhanna-laptop&apos;, ip: &apos;10.1.7.222&apos;, os.name: &apos;Windows 7&apos;, os.arch: &apos;amd64&apos;, os.version: &apos;6.1&apos;, java.version: &apos;1.8.0_25&apos;
Driver info: driver.version: unknown
Build info: version: &apos;2.43.1&apos;, revision: &apos;5163bceef1bc36d43f3dc0b83c88998168a363a0&apos;, time: &apos;2014-09-10 09:43:55&apos;
System info: host: &apos;zhanna-laptop&apos;, ip: &apos;10.1.7.222&apos;, os.name: &apos;Windows 7&apos;, os.arch: &apos;amd64&apos;, os.version: &apos;6.1&apos;, java.version: &apos;1.8.0_25&apos;
Driver info: driver.version: unknown
</system-out>
    <system-err>143013 [main] INFO net.thucydides.core.Thucydides - Test Suite Started: Authorization test
143014 [main] INFO net.thucydides.core.Thucydides - 
  _____ _____ ____ _____   ____ _____  _    ____ _____ _____ ____  
 |_   _| ____/ ___|_   _| / ___|_   _|/ \  |  _ \_   _| ____|  _ \ 
   | | |  _| \___ \ | |   \___ \ | | / _ \ | |_) || | |  _| | | | |
   | | | |___ ___) || |    ___) || |/ ___ \|  _ &lt; | | | |___| |_| |
   |_| |_____|____/ |_|   |____/ |_/_/   \_\_| \_\|_| |_____|____/ 
                                                                   

TEST STARTED: sign_up_via_fb_from_banner
--------------------------------------------------------------------
143014 [main] INFO net.thucydides.core.Thucydides - TEST NUMBER: 5
143584 [main] INFO net.thucydides.core.steps.StepInterceptor - STARTING STEP: is_the_sign_up_page
145427 [main] INFO net.thucydides.core.steps.StepInterceptor - STEP DONE: is_the_sign_up_page
145513 [main] INFO net.thucydides.core.steps.StepInterceptor - STARTING STEP: signs_up_as_guest
176104 [main] INFO net.thucydides.core.steps.StepInterceptor - STEP FAILED: signs_up_as_guest - Expected enabled element was not enabled
Build info: version: &apos;2.43.1&apos;, revision: &apos;5163bceef1bc36d43f3dc0b83c88998168a363a0&apos;, time: &apos;2014-09-10 09:43:55&apos;
System info: host: &apos;zhanna-laptop&apos;, ip: &apos;10.1.7.222&apos;, os.name: &apos;Windows 7&apos;, os.arch: &apos;amd64&apos;, os.version: &apos;6.1&apos;, java.version: &apos;1.8.0_25&apos;
Driver info: driver.version: unknown
176164 [main] INFO net.thucydides.core.steps.StepInterceptor - SKIPPED STEP: signs_up_with_facebook_from_banner
176166 [main] INFO net.thucydides.core.steps.StepInterceptor - SKIPPED STEP: should_be_logged_in
</system-err>
  </testcase>
</testsuite>